--------------------------------------------------------------------------------
06 Feb 2018 - v 0.3.6 (Lichery)
--------------------------------------------------------------------------------
+ Added blacklist.
+ Added food and water count to FuBar panel.
+ Added current food and water on tooltip minimap button.
+ Multiple optimization for code.
+ Added option to minimize category on tooltip minimap button.

--------------------------------------------------------------------------------
21 Jan 2018 - v 0.3.5 (Lichery)
--------------------------------------------------------------------------------
+ Added support Shaman.
+ Added ignoring Mage for trades.
+ Added current settings on tooltip minimap button.
+ Added disabling addon by Left Click on the minimap button.
+ Added quick addon management through the tooltip of the minimap icon.
+ Added food and water count to FuBar panel.

--------------------------------------------------------------------------------
27 Dec 2017 - v 0.3.4 (Lichery)
--------------------------------------------------------------------------------
+ Added filter to trade with defined individuals.

--------------------------------------------------------------------------------
24 Dec 2017 - v 0.3.3 (Lichery)
--------------------------------------------------------------------------------
+ Added whisper based request system.

--------------------------------------------------------------------------------
12 Dec 2017 - v 0.3.2 (Lichery)
--------------------------------------------------------------------------------
+ Updated to AceLocale-2.2
+ Add filter to trade with friends.
+ Add ruRU localization.
+ Now addon working without class localization.
+ Now options menu using Ace2 options.
+ Added FuBar plugin
+ Added options to change item and quantity items for trade

--------------------------------------------------------------------------------
03 Oct 2006 - v 0.3.1 - WowAce, Externals, Localization 2.0
--------------------------------------------------------------------------------
+ Added to wowace svn.
+ Added externals.
+ Updated to AceLocale-2.0

--------------------------------------------------------------------------------
03 Oct 2006 - v 0.3 - Localization!
--------------------------------------------------------------------------------
+ Added localization. Send me foreign languages.
+ Added /cater short command line alias (I know, not that much shorter. I'm open to suggestions)
+ Played with some text colors.

--------------------------------------------------------------------------------
02 Oct 2006 - v 0.2.1 - OOPS!
--------------------------------------------------------------------------------
+ Removed some debug spam. Sorry!

--------------------------------------------------------------------------------
02 Oct 2006 - v 0.2 - Alpha release to add filters, named individuals.
--------------------------------------------------------------------------------
+ Added filters for raid/group, guild, anyone.
+ Added command line configuration for filters. /caterer option[s] show|group|raid|guild|anyone
+ Added named individuals feature.
+ Fixed .toc to allow for saved variables.

--------------------------------------------------------------------------------
29 Sep 2006 - v 0.1 - Alpha release to test basic functionality.
--------------------------------------------------------------------------------
+ Basic class trades with full stacks.

